2025-11-19 15:24:41,405:WARNING:
'cuml' is a soft dependency and not included in the pycaret installation. Please run: `pip install cuml` to install.
2025-11-19 15:24:41,405:WARNING:
'cuml' is a soft dependency and not included in the pycaret installation. Please run: `pip install cuml` to install.
2025-11-19 15:24:41,405:WARNING:
'cuml' is a soft dependency and not included in the pycaret installation. Please run: `pip install cuml` to install.
2025-11-19 15:24:41,405:WARNING:
'cuml' is a soft dependency and not included in the pycaret installation. Please run: `pip install cuml` to install.
2025-11-19 15:24:41,565:INFO:Initializing load_model()
2025-11-19 15:24:41,565:INFO:load_model(model_name=dt_insurance_charges, platform=None, authentication=None, verbose=True)
2025-11-19 15:24:41,657:WARNING:C:\Users\LENOVO\ARTI404\insurance_app\myenv\lib\site-packages\pycaret\internal\pipeline.py:148: UserWarning: Version mismatch:
current: {'deps_info': {'pip': '23.0.1', 'setuptools': '65.5.0', 'pycaret': '3.3.2', 'IPython': '8.37.0', 'ipywidgets': '8.1.8', 'tqdm': '4.67.1', 'numpy': '1.26.4', 'pandas': '2.1.4', 'jinja2': '3.1.6', 'scipy': '1.11.4', 'joblib': '1.3.2', 'sklearn': '1.4.2', 'pyod': '2.0.5', 'imblearn': '0.14.0', 'category_encoders': '2.7.0', 'lightgbm': '4.6.0', 'numba': '0.62.1', 'requests': '2.32.5', 'matplotlib': '3.7.5', 'scikitplot': '0.3.7', 'yellowbrick': '1.5', 'plotly': '6.5.0', 'plotly-resampler': 'Not installed', 'kaleido': '1.2.0', 'schemdraw': '0.15', 'statsmodels': '0.14.5', 'sktime': '0.26.0', 'tbats': '1.1.3', 'pmdarima': '2.0.4', 'psutil': '7.1.3', 'markupsafe': '3.0.3', 'pickle5': 'Not installed', 'cloudpickle': '3.1.2', 'deprecation': '2.1.0', 'xxhash': '3.6.0', 'wurlitzer': 'Not installed'}, 'python': {'version': '3.10.11', 'machine': 'AMD64'}}
pickle: {'deps_info': {'pip': '25.3', 'setuptools': '80.9.0', 'pycaret': '3.3.2', 'IPython': '8.37.0', 'ipywidgets': '8.1.8', 'tqdm': '4.67.1', 'numpy': '1.26.4', 'pandas': '2.1.4', 'jinja2': '3.1.6', 'scipy': '1.11.4', 'joblib': '1.3.2', 'sklearn': '1.4.2', 'pyod': '2.0.5', 'imblearn': '0.14.0', 'category_encoders': '2.7.0', 'lightgbm': '4.6.0', 'numba': '0.62.1', 'requests': '2.32.5', 'matplotlib': '3.7.5', 'scikitplot': '0.3.7', 'yellowbrick': '1.5', 'plotly': '6.5.0', 'plotly-resampler': 'Not installed', 'kaleido': '1.2.0', 'schemdraw': '0.15', 'statsmodels': '0.14.5', 'sktime': '0.26.0', 'tbats': '1.1.3', 'pmdarima': '2.0.4', 'psutil': '7.1.3', 'markupsafe': '3.0.3', 'pickle5': 'Not installed', 'cloudpickle': '3.1.2', 'deprecation': '2.1.0', 'xxhash': '3.6.0', 'wurlitzer': 'Not installed'}, 'python': {'version': '3.10.19', 'machine': 'AMD64'}}
  warnings.warn(

2025-11-19 15:26:10,021:INFO:Initializing load_model()
2025-11-19 15:26:10,022:INFO:load_model(model_name=dt_insurance_charges, platform=None, authentication=None, verbose=True)
2025-11-19 15:26:10,026:WARNING:C:\Users\LENOVO\ARTI404\insurance_app\myenv\lib\site-packages\pycaret\internal\pipeline.py:148: UserWarning: Version mismatch:
current: {'deps_info': {'pip': '23.0.1', 'setuptools': '65.5.0', 'pycaret': '3.3.2', 'IPython': '8.37.0', 'ipywidgets': '8.1.8', 'tqdm': '4.67.1', 'numpy': '1.26.4', 'pandas': '2.1.4', 'jinja2': '3.1.6', 'scipy': '1.11.4', 'joblib': '1.3.2', 'sklearn': '1.4.2', 'pyod': '2.0.5', 'imblearn': '0.14.0', 'category_encoders': '2.7.0', 'lightgbm': '4.6.0', 'numba': '0.62.1', 'requests': '2.32.5', 'matplotlib': '3.7.5', 'scikitplot': '0.3.7', 'yellowbrick': '1.5', 'plotly': '6.5.0', 'plotly-resampler': 'Not installed', 'kaleido': '1.2.0', 'schemdraw': '0.15', 'statsmodels': '0.14.5', 'sktime': '0.26.0', 'tbats': '1.1.3', 'pmdarima': '2.0.4', 'psutil': '7.1.3', 'markupsafe': '3.0.3', 'pickle5': 'Not installed', 'cloudpickle': '3.1.2', 'deprecation': '2.1.0', 'xxhash': '3.6.0', 'wurlitzer': 'Not installed'}, 'python': {'version': '3.10.11', 'machine': 'AMD64'}}
pickle: {'deps_info': {'pip': '25.3', 'setuptools': '80.9.0', 'pycaret': '3.3.2', 'IPython': '8.37.0', 'ipywidgets': '8.1.8', 'tqdm': '4.67.1', 'numpy': '1.26.4', 'pandas': '2.1.4', 'jinja2': '3.1.6', 'scipy': '1.11.4', 'joblib': '1.3.2', 'sklearn': '1.4.2', 'pyod': '2.0.5', 'imblearn': '0.14.0', 'category_encoders': '2.7.0', 'lightgbm': '4.6.0', 'numba': '0.62.1', 'requests': '2.32.5', 'matplotlib': '3.7.5', 'scikitplot': '0.3.7', 'yellowbrick': '1.5', 'plotly': '6.5.0', 'plotly-resampler': 'Not installed', 'kaleido': '1.2.0', 'schemdraw': '0.15', 'statsmodels': '0.14.5', 'sktime': '0.26.0', 'tbats': '1.1.3', 'pmdarima': '2.0.4', 'psutil': '7.1.3', 'markupsafe': '3.0.3', 'pickle5': 'Not installed', 'cloudpickle': '3.1.2', 'deprecation': '2.1.0', 'xxhash': '3.6.0', 'wurlitzer': 'Not installed'}, 'python': {'version': '3.10.19', 'machine': 'AMD64'}}
  warnings.warn(

2025-11-19 15:26:33,336:WARNING:
'cuml' is a soft dependency and not included in the pycaret installation. Please run: `pip install cuml` to install.
2025-11-19 15:26:33,336:WARNING:
'cuml' is a soft dependency and not included in the pycaret installation. Please run: `pip install cuml` to install.
2025-11-19 15:26:33,336:WARNING:
'cuml' is a soft dependency and not included in the pycaret installation. Please run: `pip install cuml` to install.
2025-11-19 15:26:33,336:WARNING:
'cuml' is a soft dependency and not included in the pycaret installation. Please run: `pip install cuml` to install.
2025-11-19 15:26:33,437:INFO:Initializing load_model()
2025-11-19 15:26:33,437:INFO:load_model(model_name=dt_insurance_charges, platform=None, authentication=None, verbose=True)
2025-11-19 15:26:33,466:WARNING:C:\Users\LENOVO\ARTI404\insurance_app\myenv\lib\site-packages\pycaret\internal\pipeline.py:148: UserWarning: Version mismatch:
current: {'deps_info': {'pip': '23.0.1', 'setuptools': '65.5.0', 'pycaret': '3.3.2', 'IPython': '8.37.0', 'ipywidgets': '8.1.8', 'tqdm': '4.67.1', 'numpy': '1.26.4', 'pandas': '2.1.4', 'jinja2': '3.1.6', 'scipy': '1.11.4', 'joblib': '1.3.2', 'sklearn': '1.4.2', 'pyod': '2.0.5', 'imblearn': '0.14.0', 'category_encoders': '2.7.0', 'lightgbm': '4.6.0', 'numba': '0.62.1', 'requests': '2.32.5', 'matplotlib': '3.7.5', 'scikitplot': '0.3.7', 'yellowbrick': '1.5', 'plotly': '6.5.0', 'plotly-resampler': 'Not installed', 'kaleido': '1.2.0', 'schemdraw': '0.15', 'statsmodels': '0.14.5', 'sktime': '0.26.0', 'tbats': '1.1.3', 'pmdarima': '2.0.4', 'psutil': '7.1.3', 'markupsafe': '3.0.3', 'pickle5': 'Not installed', 'cloudpickle': '3.1.2', 'deprecation': '2.1.0', 'xxhash': '3.6.0', 'wurlitzer': 'Not installed'}, 'python': {'version': '3.10.11', 'machine': 'AMD64'}}
pickle: {'deps_info': {'pip': '25.3', 'setuptools': '80.9.0', 'pycaret': '3.3.2', 'IPython': '8.37.0', 'ipywidgets': '8.1.8', 'tqdm': '4.67.1', 'numpy': '1.26.4', 'pandas': '2.1.4', 'jinja2': '3.1.6', 'scipy': '1.11.4', 'joblib': '1.3.2', 'sklearn': '1.4.2', 'pyod': '2.0.5', 'imblearn': '0.14.0', 'category_encoders': '2.7.0', 'lightgbm': '4.6.0', 'numba': '0.62.1', 'requests': '2.32.5', 'matplotlib': '3.7.5', 'scikitplot': '0.3.7', 'yellowbrick': '1.5', 'plotly': '6.5.0', 'plotly-resampler': 'Not installed', 'kaleido': '1.2.0', 'schemdraw': '0.15', 'statsmodels': '0.14.5', 'sktime': '0.26.0', 'tbats': '1.1.3', 'pmdarima': '2.0.4', 'psutil': '7.1.3', 'markupsafe': '3.0.3', 'pickle5': 'Not installed', 'cloudpickle': '3.1.2', 'deprecation': '2.1.0', 'xxhash': '3.6.0', 'wurlitzer': 'Not installed'}, 'python': {'version': '3.10.19', 'machine': 'AMD64'}}
  warnings.warn(

2025-11-19 15:28:08,091:INFO:Initializing load_model()
2025-11-19 15:28:08,091:INFO:load_model(model_name=dt_insurance_charges, platform=None, authentication=None, verbose=True)
2025-11-19 15:28:08,097:WARNING:C:\Users\LENOVO\ARTI404\insurance_app\myenv\lib\site-packages\pycaret\internal\pipeline.py:148: UserWarning: Version mismatch:
current: {'deps_info': {'pip': '23.0.1', 'setuptools': '65.5.0', 'pycaret': '3.3.2', 'IPython': '8.37.0', 'ipywidgets': '8.1.8', 'tqdm': '4.67.1', 'numpy': '1.26.4', 'pandas': '2.1.4', 'jinja2': '3.1.6', 'scipy': '1.11.4', 'joblib': '1.3.2', 'sklearn': '1.4.2', 'pyod': '2.0.5', 'imblearn': '0.14.0', 'category_encoders': '2.7.0', 'lightgbm': '4.6.0', 'numba': '0.62.1', 'requests': '2.32.5', 'matplotlib': '3.7.5', 'scikitplot': '0.3.7', 'yellowbrick': '1.5', 'plotly': '6.5.0', 'plotly-resampler': 'Not installed', 'kaleido': '1.2.0', 'schemdraw': '0.15', 'statsmodels': '0.14.5', 'sktime': '0.26.0', 'tbats': '1.1.3', 'pmdarima': '2.0.4', 'psutil': '7.1.3', 'markupsafe': '3.0.3', 'pickle5': 'Not installed', 'cloudpickle': '3.1.2', 'deprecation': '2.1.0', 'xxhash': '3.6.0', 'wurlitzer': 'Not installed'}, 'python': {'version': '3.10.11', 'machine': 'AMD64'}}
pickle: {'deps_info': {'pip': '25.3', 'setuptools': '80.9.0', 'pycaret': '3.3.2', 'IPython': '8.37.0', 'ipywidgets': '8.1.8', 'tqdm': '4.67.1', 'numpy': '1.26.4', 'pandas': '2.1.4', 'jinja2': '3.1.6', 'scipy': '1.11.4', 'joblib': '1.3.2', 'sklearn': '1.4.2', 'pyod': '2.0.5', 'imblearn': '0.14.0', 'category_encoders': '2.7.0', 'lightgbm': '4.6.0', 'numba': '0.62.1', 'requests': '2.32.5', 'matplotlib': '3.7.5', 'scikitplot': '0.3.7', 'yellowbrick': '1.5', 'plotly': '6.5.0', 'plotly-resampler': 'Not installed', 'kaleido': '1.2.0', 'schemdraw': '0.15', 'statsmodels': '0.14.5', 'sktime': '0.26.0', 'tbats': '1.1.3', 'pmdarima': '2.0.4', 'psutil': '7.1.3', 'markupsafe': '3.0.3', 'pickle5': 'Not installed', 'cloudpickle': '3.1.2', 'deprecation': '2.1.0', 'xxhash': '3.6.0', 'wurlitzer': 'Not installed'}, 'python': {'version': '3.10.19', 'machine': 'AMD64'}}
  warnings.warn(

2025-11-19 15:29:01,865:INFO:Initializing load_model()
2025-11-19 15:29:01,865:INFO:load_model(model_name=dt_insurance_charges, platform=None, authentication=None, verbose=True)
2025-11-19 15:29:01,871:WARNING:C:\Users\LENOVO\ARTI404\insurance_app\myenv\lib\site-packages\pycaret\internal\pipeline.py:148: UserWarning: Version mismatch:
current: {'deps_info': {'pip': '23.0.1', 'setuptools': '65.5.0', 'pycaret': '3.3.2', 'IPython': '8.37.0', 'ipywidgets': '8.1.8', 'tqdm': '4.67.1', 'numpy': '1.26.4', 'pandas': '2.1.4', 'jinja2': '3.1.6', 'scipy': '1.11.4', 'joblib': '1.3.2', 'sklearn': '1.4.2', 'pyod': '2.0.5', 'imblearn': '0.14.0', 'category_encoders': '2.7.0', 'lightgbm': '4.6.0', 'numba': '0.62.1', 'requests': '2.32.5', 'matplotlib': '3.7.5', 'scikitplot': '0.3.7', 'yellowbrick': '1.5', 'plotly': '6.5.0', 'plotly-resampler': 'Not installed', 'kaleido': '1.2.0', 'schemdraw': '0.15', 'statsmodels': '0.14.5', 'sktime': '0.26.0', 'tbats': '1.1.3', 'pmdarima': '2.0.4', 'psutil': '7.1.3', 'markupsafe': '3.0.3', 'pickle5': 'Not installed', 'cloudpickle': '3.1.2', 'deprecation': '2.1.0', 'xxhash': '3.6.0', 'wurlitzer': 'Not installed'}, 'python': {'version': '3.10.11', 'machine': 'AMD64'}}
pickle: {'deps_info': {'pip': '25.3', 'setuptools': '80.9.0', 'pycaret': '3.3.2', 'IPython': '8.37.0', 'ipywidgets': '8.1.8', 'tqdm': '4.67.1', 'numpy': '1.26.4', 'pandas': '2.1.4', 'jinja2': '3.1.6', 'scipy': '1.11.4', 'joblib': '1.3.2', 'sklearn': '1.4.2', 'pyod': '2.0.5', 'imblearn': '0.14.0', 'category_encoders': '2.7.0', 'lightgbm': '4.6.0', 'numba': '0.62.1', 'requests': '2.32.5', 'matplotlib': '3.7.5', 'scikitplot': '0.3.7', 'yellowbrick': '1.5', 'plotly': '6.5.0', 'plotly-resampler': 'Not installed', 'kaleido': '1.2.0', 'schemdraw': '0.15', 'statsmodels': '0.14.5', 'sktime': '0.26.0', 'tbats': '1.1.3', 'pmdarima': '2.0.4', 'psutil': '7.1.3', 'markupsafe': '3.0.3', 'pickle5': 'Not installed', 'cloudpickle': '3.1.2', 'deprecation': '2.1.0', 'xxhash': '3.6.0', 'wurlitzer': 'Not installed'}, 'python': {'version': '3.10.19', 'machine': 'AMD64'}}
  warnings.warn(

2025-11-19 15:29:11,018:INFO:Initializing load_model()
2025-11-19 15:29:11,019:INFO:load_model(model_name=dt_insurance_charges, platform=None, authentication=None, verbose=True)
2025-11-19 15:29:11,023:WARNING:C:\Users\LENOVO\ARTI404\insurance_app\myenv\lib\site-packages\pycaret\internal\pipeline.py:148: UserWarning: Version mismatch:
current: {'deps_info': {'pip': '23.0.1', 'setuptools': '65.5.0', 'pycaret': '3.3.2', 'IPython': '8.37.0', 'ipywidgets': '8.1.8', 'tqdm': '4.67.1', 'numpy': '1.26.4', 'pandas': '2.1.4', 'jinja2': '3.1.6', 'scipy': '1.11.4', 'joblib': '1.3.2', 'sklearn': '1.4.2', 'pyod': '2.0.5', 'imblearn': '0.14.0', 'category_encoders': '2.7.0', 'lightgbm': '4.6.0', 'numba': '0.62.1', 'requests': '2.32.5', 'matplotlib': '3.7.5', 'scikitplot': '0.3.7', 'yellowbrick': '1.5', 'plotly': '6.5.0', 'plotly-resampler': 'Not installed', 'kaleido': '1.2.0', 'schemdraw': '0.15', 'statsmodels': '0.14.5', 'sktime': '0.26.0', 'tbats': '1.1.3', 'pmdarima': '2.0.4', 'psutil': '7.1.3', 'markupsafe': '3.0.3', 'pickle5': 'Not installed', 'cloudpickle': '3.1.2', 'deprecation': '2.1.0', 'xxhash': '3.6.0', 'wurlitzer': 'Not installed'}, 'python': {'version': '3.10.11', 'machine': 'AMD64'}}
pickle: {'deps_info': {'pip': '25.3', 'setuptools': '80.9.0', 'pycaret': '3.3.2', 'IPython': '8.37.0', 'ipywidgets': '8.1.8', 'tqdm': '4.67.1', 'numpy': '1.26.4', 'pandas': '2.1.4', 'jinja2': '3.1.6', 'scipy': '1.11.4', 'joblib': '1.3.2', 'sklearn': '1.4.2', 'pyod': '2.0.5', 'imblearn': '0.14.0', 'category_encoders': '2.7.0', 'lightgbm': '4.6.0', 'numba': '0.62.1', 'requests': '2.32.5', 'matplotlib': '3.7.5', 'scikitplot': '0.3.7', 'yellowbrick': '1.5', 'plotly': '6.5.0', 'plotly-resampler': 'Not installed', 'kaleido': '1.2.0', 'schemdraw': '0.15', 'statsmodels': '0.14.5', 'sktime': '0.26.0', 'tbats': '1.1.3', 'pmdarima': '2.0.4', 'psutil': '7.1.3', 'markupsafe': '3.0.3', 'pickle5': 'Not installed', 'cloudpickle': '3.1.2', 'deprecation': '2.1.0', 'xxhash': '3.6.0', 'wurlitzer': 'Not installed'}, 'python': {'version': '3.10.19', 'machine': 'AMD64'}}
  warnings.warn(

2025-11-26 15:16:45,994:WARNING:
'cuml' is a soft dependency and not included in the pycaret installation. Please run: `pip install cuml` to install.
2025-11-26 15:16:45,995:WARNING:
'cuml' is a soft dependency and not included in the pycaret installation. Please run: `pip install cuml` to install.
2025-11-26 15:16:45,995:WARNING:
'cuml' is a soft dependency and not included in the pycaret installation. Please run: `pip install cuml` to install.
2025-11-26 15:16:45,995:WARNING:
'cuml' is a soft dependency and not included in the pycaret installation. Please run: `pip install cuml` to install.
2025-11-26 15:16:46,158:INFO:Initializing load_model()
2025-11-26 15:16:46,158:INFO:load_model(model_name=dt_insurance_charges, platform=None, authentication=None, verbose=True)
2025-11-26 15:16:46,253:WARNING:C:\Users\LENOVO\ARTI404\insurance_app\myenv\lib\site-packages\pycaret\internal\pipeline.py:148: UserWarning: Version mismatch:
current: {'deps_info': {'pip': '23.0.1', 'setuptools': '65.5.0', 'pycaret': '3.3.2', 'IPython': '8.37.0', 'ipywidgets': '8.1.8', 'tqdm': '4.67.1', 'numpy': '1.26.4', 'pandas': '2.1.4', 'jinja2': '3.1.6', 'scipy': '1.11.4', 'joblib': '1.3.2', 'sklearn': '1.4.2', 'pyod': '2.0.5', 'imblearn': '0.14.0', 'category_encoders': '2.7.0', 'lightgbm': '4.6.0', 'numba': '0.62.1', 'requests': '2.32.5', 'matplotlib': '3.7.5', 'scikitplot': '0.3.7', 'yellowbrick': '1.5', 'plotly': '6.5.0', 'plotly-resampler': 'Not installed', 'kaleido': '1.2.0', 'schemdraw': '0.15', 'statsmodels': '0.14.5', 'sktime': '0.26.0', 'tbats': '1.1.3', 'pmdarima': '2.0.4', 'psutil': '7.1.3', 'markupsafe': '3.0.3', 'pickle5': 'Not installed', 'cloudpickle': '3.1.2', 'deprecation': '2.1.0', 'xxhash': '3.6.0', 'wurlitzer': 'Not installed'}, 'python': {'version': '3.10.11', 'machine': 'AMD64'}}
pickle: {'deps_info': {'pip': '25.3', 'setuptools': '80.9.0', 'pycaret': '3.3.2', 'IPython': '8.37.0', 'ipywidgets': '8.1.8', 'tqdm': '4.67.1', 'numpy': '1.26.4', 'pandas': '2.1.4', 'jinja2': '3.1.6', 'scipy': '1.11.4', 'joblib': '1.3.2', 'sklearn': '1.4.2', 'pyod': '2.0.5', 'imblearn': '0.14.0', 'category_encoders': '2.7.0', 'lightgbm': '4.6.0', 'numba': '0.62.1', 'requests': '2.32.5', 'matplotlib': '3.7.5', 'scikitplot': '0.3.7', 'yellowbrick': '1.5', 'plotly': '6.5.0', 'plotly-resampler': 'Not installed', 'kaleido': '1.2.0', 'schemdraw': '0.15', 'statsmodels': '0.14.5', 'sktime': '0.26.0', 'tbats': '1.1.3', 'pmdarima': '2.0.4', 'psutil': '7.1.3', 'markupsafe': '3.0.3', 'pickle5': 'Not installed', 'cloudpickle': '3.1.2', 'deprecation': '2.1.0', 'xxhash': '3.6.0', 'wurlitzer': 'Not installed'}, 'python': {'version': '3.10.19', 'machine': 'AMD64'}}
  warnings.warn(

